<?xml version="1.0" encoding="UTF-8"?>
<testsuite xmlns:xsi="http://www.w3.org/2001/XMLSchema-instance" xsi:noNamespaceSchemaLocation="https://maven.apache.org/surefire/maven-surefire-plugin/xsd/surefire-test-report.xsd" name="com.hybris.hybris123.runtime.tests.Hybris123Tests" time="0.403" tests="1" errors="0" skipped="0" failures="1">
  <properties>
[...]
</properties>
  <testcase name="gitRepoOk" classname="com.hybris.hybris123.runtime.tests.Hybris123Tests" time="0.277">
    <failure message="Git Repo has not been set up correctly" type="java.lang.AssertionError">java.lang.AssertionError: Git Repo has not been set up correctly
	at com.hybris.hybris123.runtime.tests.Hybris123Tests.assertTrue(Hybris123Tests.java:643)
	at com.hybris.hybris123.runtime.tests.Hybris123Tests.gitRepoOk(Hybris123Tests.java:184)
</failure>
    <system-out><![CDATA[2022-04-20 12:08:37.510 &amp#27;[1;31mERROR&amp#27;[0;39m &amp#27;[35m[main]&amp#27;[0;39m [VersionHelper.getVersion] - Version not found. Please make sure hybris123 is placed in the SAP Commerce directory.
2022-04-20 12:08:37.512 &amp#27;[1;31mERROR&amp#27;[0;39m &amp#27;[35m[main]&amp#27;[0;39m [VersionHelper.getVersion] - If hybris123 is placed correctly, check whether [HYBRIS_HOME_DIR]/hybris/bin/platform/build.number contains a version number.
2022-04-20 12:08:37.543 &amp#27;[34mINFO &amp#27;[0;39m &amp#27;[35m[main]&amp#27;[0;39m [CommandLineHelper.runCmd] - 
]]></system-out>
  </testcase>
</testsuite>